   Compiling rustls v0.23.36
   Compiling toml_edit v0.22.27
   Compiling icu_experimental v0.4.0
   Compiling leptos_i18n_codegen v0.6.0
   Compiling icu_datetime v2.1.1
   Compiling rayon-core v1.13.0
    Checking sea-query-binder v0.7.0
    Checking async-compression v0.4.39
   Compiling wat v1.245.1
   Compiling icu_collator v2.1.1
    Checking http-body v0.4.6
    Checking h2 v0.3.27
   Compiling derive_more v1.0.0
   Compiling dumb_csv v0.1.0 (/app/dumb-csv)
   Compiling icu_segmenter v2.1.2
   Compiling webpki-roots v1.0.6
    Checking sharded-slab v0.1.7
   Compiling zopfli v0.8.3
   Compiling clap_derive v4.5.55
   Compiling num-complex v0.4.6
    Checking fdeflate v0.3.7
    Checking matchers v0.2.0
   Compiling ouroboros_macro v0.18.5
   Compiling derive_more-impl v2.1.1
   Compiling sea-bae v0.2.1
   Compiling leptos_router_macro v0.8.6
   Compiling filetime v0.2.27
    Checking csv-core v0.1.13
   Compiling async-stream-impl v0.3.6
    Checking socket2 v0.5.10
    Checking libloading v0.8.9
    Checking thread_local v1.1.9
    Checking iri-string v0.7.10
   Compiling crlify v1.0.4
   Compiling utf-8 v0.7.6
    Checking http-range-header v0.4.2
    Checking tap v1.0.1
    Checking bitflags v1.3.2
    Checking aliasable v0.1.3
    Checking option-ext v0.2.0
   Compiling percent-encoding v2.3.2
    Checking static_assertions v1.1.0
    Checking plotters-backend v0.3.7
    Checking color_quant v1.1.0
   Compiling ureq v3.2.0
    Checking dirs-sys v0.5.0
    Checking png v0.17.16
    Checking wyz v0.5.1
    Checking tower-http v0.6.8
    Checking async-stream v0.3.6
    Checking ouroboros v0.18.5
    Checking clap v4.5.57
   Compiling icu_provider_baked v2.1.1
    Checking tracing-subscriber v0.3.22
    Checking dlib v0.5.2
    Checking hyper v0.14.32
    Checking derive_more v2.1.1
    Checking csv v1.4.0
   Compiling tar v0.4.44
    Checking leptos_router v0.8.11
   Compiling sea-orm-macros v1.1.19
   Compiling ndarray v0.16.1
   Compiling zip v2.4.2
   Compiling icu v2.1.1
   Compiling xiv-gen v0.1.0 (/app/xiv-gen)
   Compiling icu_codepointtrie_builder v0.5.1
   Compiling rayon v1.11.0
   Compiling toml v0.8.23
   Compiling serde-aux v4.7.0
    Checking tokio-rustls v0.24.1
    Checking pathfinder_simd v0.5.5 (https://github.com/servo/pathfinder.git#3d0b936f)
    Checking ahash v0.8.12
   Compiling darling v0.21.3
    Checking radium v0.7.0
    Checking leptos_meta v0.8.5
    Checking safe_arch v0.7.4
