   Compiling wasmi v1.1.0
   Compiling rustls v0.23.41
   Compiling icu_experimental v0.5.0
   Compiling darling_macro v0.23.0
   Compiling serde-value v0.7.0
   Compiling rend v0.4.2
   Compiling leptos_i18n_codegen v0.6.2
   Compiling icu_datetime v2.2.0
    Checking sea-query-binder v0.7.0
   Compiling rayon-core v1.13.0
    Checking async-compression v0.4.42
    Checking h2 v0.3.27
    Checking http-body v0.4.6
   Compiling icu_collator v2.2.0
    Checking sharded-slab v0.1.7
   Compiling webpki-roots v1.0.8
   Compiling rkyv v0.7.46
   Compiling xiv-gen v0.1.0 (/app/xiv-gen)
   Compiling zopfli v0.8.3
   Compiling bytecheck v0.6.12
   Compiling ouroboros_macro v0.18.5
   Compiling sea-bae v0.2.1
    Checking ptr_meta v0.1.4
   Compiling num-complex v0.4.6
    Checking matchers v0.2.0
   Compiling ahash v0.7.8
   Compiling icu_segmenter v2.2.0
   Compiling clap_derive v4.6.1
   Compiling xiv-gen-macros v0.1.0 (/app/proc-macros/xiv-gen-macros)
   Compiling leptos_router_macro v0.8.6
    Checking tokio-rustls v0.26.4
   Compiling filetime v0.2.29
   Compiling async-stream-impl v0.3.6
    Checking thread_local v1.1.9
   Compiling ahash v0.8.12
    Checking bytemuck v1.25.0
    Checking aliasable v0.1.3
    Checking tap v1.0.1
   Compiling utf8-zero v0.8.1
   Compiling crlify v1.0.5
   Compiling percent-encoding v2.3.2
    Checking http-range-header v0.4.2
    Checking static_assertions v1.1.0
   Compiling seahash v4.1.0
    Checking tower-http v0.6.11
   Compiling ureq v3.3.0
    Checking async-stream v0.3.6
   Compiling icu_provider_baked v2.2.0
    Checking ouroboros v0.18.5
    Checking wyz v0.5.1
    Checking safe_arch v0.7.4
    Checking tracing-subscriber v0.3.23
    Checking leptos_router v0.8.13
   Compiling tar v0.4.46
    Checking clap v4.6.1
   Compiling sea-orm-macros v1.1.20
   Compiling icu v2.2.0
   Compiling ndarray v0.16.1
   Compiling zip v2.4.2
    Checking hyper v0.14.32
   Compiling rayon v1.12.0
   Compiling icu_codepointtrie_builder v0.6.0
   Compiling serde-aux v4.7.0
   Compiling darling v0.23.0
    Checking tokio-rustls v0.24.1
    Checking radium v0.7.0
   Compiling toml v0.8.23
   Compiling dumb_csv v0.1.0 (/app/dumb-csv)
    Checking leptos_meta v0.8.6
   Compiling derive_more v2.1.1
   Compiling sea-schema-derive v0.3.0
   Compiling elsa v1.11.2
    Checking csv-core v0.1.13
   Compiling matrixmultiply v0.3.10
   Compiling cookie v0.18.1
    Checking glob v0.3.3
   Compiling twox-hash v2.1.2
    Checking funty v2.0.0
   Compiling parse-zoneinfo v0.5.0
    Checking siphasher v1.0.3
    Checking base64 v0.21.7
    Checking strum v0.26.3
    Checking rustls-pemfile v1.0.4
   Compiling icu_provider_source v2.2.0
    Checking sea-schema v0.16.2
    Checking phf_shared v0.11.3
    Checking bitvec v1.1.1
    Checking sea-orm-cli v1.1.20
    Checking csv v1.4.0
    Checking leptos_integration_utils v0.8.8
   Compiling icu_provider_export v2.2.0
    Checking hyper-rustls v0.24.2
   Compiling serde_with_macros v3.21.0
    Checking sea-orm v1.1.20
    Checking hashbrown v0.12.3
    Checking wide v0.7.33
    Checking approx v0.5.1
    Checking unic-langid-impl v0.9.6
    Checking serde_bytes v0.11.19
    Checking rawpointer v0.2.1
    Checking webpki-roots v0.25.4
    Checking sync_wrapper v0.1.2
   Compiling leptos-use v0.18.3
   Compiling xiv-gen-db v0.1.0 (/app/xiv-gen-db)
    Checking reqwest v0.11.27
    Checking bson v3.1.0
