    Updating git repository `https://github.com/servo/pathfinder.git`
    Updating crates.io index
    Updating git repository `https://github.com/akarras/lodestone.git`
    Updating git repository `https://github.com/slowtec/leptos-hotkeys.git`
    Updating git repository `https://github.com/sayanarijit/codegen-rs`
 Downloading crates ...
  Downloaded anstyle-query v1.1.5
  Downloaded aligned-vec v0.6.4
  Downloaded arg_enum_proc_macro v0.3.4
  Downloaded colorchoice v1.0.4
  Downloaded approx v0.5.1
  Downloaded color_quant v1.1.0
  Downloaded funty v2.0.0
  Downloaded futures-executor v0.3.31
  Downloaded http-range-header v0.4.2
  Downloaded dlib v0.5.2
  Downloaded gloo-dialogs v0.2.0
  Downloaded include_dir_macros v0.7.4
  Downloaded indexmap v1.9.3
  Downloaded leptos_router_macro v0.8.6
  Downloaded md-5 v0.10.6
  Downloaded pathdiff v0.2.3
  Downloaded polyval v0.6.2
  Downloaded polling v2.8.0
  Downloaded radium v0.7.0
  Downloaded quote-use-macros v0.8.4
  Downloaded quote-use v0.8.4
  Downloaded rend v0.4.2
  Downloaded rfc6979 v0.4.0
  Downloaded serde_path_to_error v0.1.20
  Downloaded syn_derive v0.2.0
  Downloaded subtle v2.6.1
  Downloaded strum v0.26.3
  Downloaded sqlx-macros v0.8.6
  Downloaded spki v0.7.3
  Downloaded spin v0.9.8
  Downloaded socket2 v0.6.1
  Downloaded socket2 v0.5.10
  Downloaded smallvec v1.15.1
  Downloaded sluice v0.5.5
  Downloaded slotmap v1.1.1
  Downloaded slab v0.4.11
  Downloaded sketches-ddsketch v0.3.0
  Downloaded sitemap-rs v0.4.0
  Downloaded siphasher v1.0.1
  Downloaded simplecss v0.2.2
  Downloaded simdutf8 v0.1.5
  Downloaded signature v2.2.0
  Downloaded svgtypes v0.11.0
  Downloaded siphasher v0.3.11
  Downloaded server_fn_macro_default v0.8.5
  Downloaded serde_with_macros v3.16.1
  Downloaded serde_spanned v1.0.4
  Downloaded serde_core v1.0.228
  Downloaded semver v1.0.27
  Downloaded select v0.6.1
  Downloaded secrecy v0.8.0
  Downloaded sec1_decode v0.1.0
  Downloaded sec1 v0.7.3
  Downloaded seahash v4.1.0
  Downloaded sea-schema-derive v0.3.0
  Downloaded sea-query-derive v0.4.3
  Downloaded sea-query-binder v0.7.0
  Downloaded sea-orm-migration v1.1.19
  Downloaded sea-orm-macros v1.1.19
  Downloaded sea-orm-cli v1.1.19
  Downloaded sea-bae v0.2.1
  Downloaded ryu v1.0.20
  Downloaded rustls-pki-types v1.13.2
  Downloaded sync_wrapper v1.0.2
  Downloaded tar v0.4.44
  Downloaded tap v1.0.1
  Downloaded tantivy-sstable v0.6.0
  Downloaded tantivy-common v0.10.0
  Downloaded tagptr v0.2.0
  Downloaded synstructure v0.12.6
  Downloaded rkyv v0.7.45
  Downloaded rayon-core v1.13.0
  Downloaded rayon v1.11.0
  Downloaded raw-cpuid v11.6.0
  Downloaded rand v0.9.2
  Downloaded tantivy-tokenizer-api v0.6.0
  Downloaded tantivy-stacker v0.6.0
  Downloaded tantivy-query-grammar v0.25.0
  Downloaded tantivy-bitpacker v0.9.0
  Downloaded rsa v0.9.10
  Downloaded resvg v0.33.0
  Downloaded reqwest v0.11.27
  Downloaded synstructure v0.13.2
  Downloaded strsim v0.11.1
  Downloaded string_cache v0.8.9
  Downloaded strict-num v0.1.1
  Downloaded stable_deref_trait v1.2.1
  Downloaded sqlx-macros-core v0.8.6
  Downloaded simd_helpers v0.1.0
  Downloaded simd-adler32 v0.3.8
  Downloaded string_cache_codegen v0.5.4
  Downloaded thiserror-impl v2.0.17
  Downloaded thiserror-impl v1.0.69
  Downloaded thiserror v2.0.17
  Downloaded thiserror v1.0.69
  Downloaded termcolor v1.4.1
  Downloaded tendril v0.4.3
  Downloaded sync_wrapper v0.1.2
  Downloaded stringprep v0.1.5
  Downloaded static_assertions v1.1.0
  Downloaded reqwest v0.12.26
  Downloaded regex-syntax v0.8.8
  Downloaded regex-automata v0.4.13
  Downloaded tokio-tungstenite v0.28.0
  Downloaded unicode-ident v1.0.22
  Downloaded unicode-bidi v0.3.18
  Downloaded typesize-derive v0.1.11
  Downloaded tungstenite v0.21.0
  Downloaded tracing-attributes v0.1.31
  Downloaded tower-service v0.3.3
  Downloaded tokio-tungstenite v0.21.0
  Downloaded tokio-stream v0.1.17
  Downloaded tokio-rustls v0.26.4
  Downloaded tokio-rustls v0.25.0
  Downloaded tokio-rustls v0.24.1
  Downloaded tokio-macros v2.6.0
  Downloaded tinyvec_macros v0.1.1
  Downloaded tinyvec v1.10.0
  Downloaded unty v0.0.4
  Downloaded utf-8 v0.7.6
  Downloaded tracing-core v0.1.35
  Downloaded toml_datetime v0.7.4+spec-1.0.0
  Downloaded universal-hash v0.5.1
  Downloaded unicode-xid v0.2.6
  Downloaded unicode-vo v0.1.0
  Downloaded unicode-script v0.5.8
  Downloaded unicode-ccc v0.1.2
  Downloaded typemap_rev v0.3.0
  Downloaded typed-builder v0.21.2
  Downloaded tracing-log v0.2.0
  Downloaded tracing-futures v0.2.5
  Downloaded tower-layer v0.3.3
  Downloaded toml_parser v1.0.5+spec-1.0.0
  Downloaded toml_datetime v0.6.11
  Downloaded toml v0.9.9+spec-1.0.0
  Downloaded rustls v0.23.35
  Downloaded rustls v0.22.4
  Downloaded version_check v0.9.5
  Downloaded v_frame v0.3.9
  Downloaded usvg-tree v0.33.0
  Downloaded typed-builder v0.22.0
  Downloaded untrusted v0.9.0
  Downloaded unit-prefix v0.5.2
  Downloaded unicode-properties v0.1.4
  Downloaded unicode-general-category v0.6.0
  Downloaded unicode-bidi-mirroring v0.1.0
  Downloaded unicase v2.8.1
  Downloaded unic-langid v0.9.6
  Downloaded typesize v0.1.14
  Downloaded typed-builder-macro v0.22.0
  Downloaded typed-builder-macro v0.21.2
  Downloaded tinystr v0.8.2
  Downloaded tiny-skia-path v0.9.0
  Downloaded timeago v0.4.2
  Downloaded time-macros v0.2.24
  Downloaded syn v2.0.111
  Downloaded syn v1.0.109
  Downloaded superboring v0.1.6
  Downloaded tantivy v0.25.0
  Downloaded zerovec-derive v0.11.2
  Downloaded zstd-safe v7.2.4
  Downloaded tiny-skia v0.9.1
  Downloaded tantivy-columnar v0.6.0
  Downloaded usvg-text-layout v0.33.0
  Downloaded schemars v1.1.0
  Downloaded schemars v0.9.0
  Downloaded rustls-webpki v0.103.8
  Downloaded rustls-webpki v0.101.7
  Downloaded safe_arch v0.7.4
  Downloaded serde_json v1.0.145
  Downloaded sea-query v0.32.7
  Downloaded url v2.5.7
  Downloaded unicode-width v0.2.2
  Downloaded unicode-segmentation v1.12.0
  Downloaded typenum v1.19.0
  Downloaded zerocopy-derive v0.8.31
  Downloaded vcpkg v0.2.15
  Downloaded zerotrie v0.2.3
  Downloaded zerovec v0.11.5
  Downloaded webpki-roots v0.26.11
  Downloaded xxhash-rust v0.8.15
  Downloaded zune-core v0.5.0
  Downloaded sqlx-sqlite v0.8.6
  Downloaded zune-core v0.4.12
  Downloaded y4m v0.8.0
  Downloaded xml5ever v0.17.0
  Downloaded weezl v0.1.12
  Downloaded wasm-bindgen-macro-support v0.2.106
  Downloaded wasm-bindgen v0.2.106
  Downloaded virtue v0.0.18
  Downloaded uuid v1.19.0
  Downloaded xmlwriter v0.1.0
  Downloaded xmlparser v0.13.6
  Downloaded xml-builder v0.5.4
  Downloaded wyz v0.5.1
  Downloaded writeable v0.6.2
  Downloaded whoami v1.6.1
  Downloaded web-push v0.11.0
  Downloaded wasm_split_macros v0.2.0
  Downloaded wasm_split_helpers v0.2.0
  Downloaded wasm-streams v0.4.2
  Downloaded wasm-bindgen-macro v0.2.106
  Downloaded wasm-bindgen-futures v0.4.56
  Downloaded zune-inflate v0.2.54
  Downloaded sqlx-postgres v0.8.6
  Downloaded serde_with v3.16.1
  Downloaded want v0.3.1
  Downloaded walkdir v2.5.0
  Downloaded serenity v0.12.4
  Downloaded waker-fn v1.2.0
  Downloaded utf8_iter v1.0.4
  Downloaded utf8-ranges v1.0.5
  Downloaded server_fn v0.8.8
  Downloaded wasm-bindgen-shared v0.2.106
  Downloaded sea-schema v0.16.2
  Downloaded utf8parse v0.2.2
  Downloaded time v0.3.44
  Downloaded sea-orm v1.1.19
  Downloaded tracing-subscriber v0.3.22
  Downloaded zstd-sys v2.0.16+zstd.1.5.7
  Downloaded ttf-parser v0.18.1
  Downloaded utf8-width v0.1.8
  Downloaded zerocopy v0.8.31
  Downloaded ttf-parser v0.19.2
  Downloaded toml_edit v0.19.15
  Downloaded tiff v0.10.3
  Downloaded wide v0.7.33
  Downloaded tower-http v0.6.8
  Downloaded winnow v0.5.40
  Downloaded winnow v0.7.14
  Downloaded webpki-roots v1.0.4
  Downloaded webpki-roots v0.25.4
  Downloaded toml_edit v0.23.10+spec-1.0.0
  Downloaded unicode-normalization v0.1.25
  Downloaded unic-langid-impl v0.9.6
  Downloaded tungstenite v0.28.0
  Downloaded zune-jpeg v0.5.7
  Downloaded zune-jpeg v0.4.21
  Downloaded yansi v1.0.1
  Downloaded web-sys v0.3.83
  Downloaded ttf-parser v0.20.0
  Downloaded tracing v0.1.43
  Downloaded tower v0.5.2
  Downloaded tokio-util v0.7.17
  Downloaded tokio v1.48.0
  Downloaded rustybuzz v0.7.0
  Downloaded rustls-webpki v0.102.8
  Downloaded rustls v0.21.12
  Downloaded rustix v1.1.2
  Downloaded usvg-parser v0.33.0
  Downloaded usvg v0.33.0
  Downloaded tachys v0.2.11
  Downloaded zstd v0.13.3
  Downloaded zerofrom-derive v0.1.6
  Downloaded yoke-derive v0.8.1
  Downloaded try-lock v0.2.5
  Downloaded triomphe v0.1.15
  Downloaded tracing-wasm v0.2.1
  Downloaded throw_error v0.3.1
  Downloaded thread_local v1.1.9
  Downloaded thousands v0.2.0
  Downloaded tantivy-fst v0.5.0
  Downloaded rust-stemmers v1.2.0
  Downloaded zeroize v1.8.2
  Downloaded zerofrom v0.1.6
  Downloaded yoke v0.8.1
  Downloaded yeslogic-fontconfig-sys v6.0.0
  Downloaded xattr v1.6.1
  Downloaded sqlx-mysql v0.8.6
  Downloaded sqlx-core v0.8.6
  Downloaded sqlx v0.8.6
  Downloaded rust_decimal v1.39.0
  Downloaded ring v0.17.14
  Downloaded time-core v0.1.6
  Downloaded tempfile v3.23.0
  Downloaded serde v1.0.228
  Downloaded regex v1.12.2
  Downloaded reactive_graph v0.2.11
  Downloaded rav1e v0.8.1
  Downloaded simba v0.9.1
  Downloaded sha1 v0.10.6
  Downloaded serde_qs v0.15.0
  Downloaded pxfm v0.1.27
  Downloaded sha2 v0.10.9
  Downloaded server_fn_macro v0.8.8
  Downloaded serde_urlencoded v0.7.1
  Downloaded serde_qs v0.12.0
  Downloaded serde_derive v1.0.228
  Downloaded serde_cow v0.1.2
  Downloaded serde_bytes v0.11.19
  Downloaded rustls-pemfile v1.0.4
  Downloaded rand v0.8.5
  Downloaded quinn-proto v0.11.13
  Downloaded quinn v0.11.9
  Downloaded qoi v0.4.1
  Downloaded prettyplease v0.2.37
  Downloaded portable-atomic v1.11.1
  Downloaded svgfilters v0.4.0
  Downloaded send_wrapper v0.6.0
  Downloaded sct v0.7.1
  Downloaded scopeguard v1.2.0
  Downloaded same-file v1.0.6
  Downloaded rustversion v1.0.22
  Downloaded signal-hook-registry v1.4.7
  Downloaded shlex v1.3.0
  Downloaded sharded-slab v0.1.7
  Downloaded serde-wasm-bindgen v0.6.5
  Downloaded rustc_version v0.4.1
  Downloaded rustc-hash v2.1.1
  Downloaded num-bigint-dig v0.8.6
  Downloaded num-bigint v0.4.6
  Downloaded nom v8.0.0
  Downloaded nom v7.1.3
  Downloaded nalgebra v0.33.2
  Downloaded moxcms v0.7.11
  Downloaded mio v1.1.1
  Downloaded miniz_oxide v0.8.9
  Downloaded minimal-lexical v0.2.1
  Downloaded memchr v2.7.6
  Downloaded libsqlite3-sys v0.30.1
  Downloaded rstml v0.12.1
  Downloaded roxmltree v0.20.0
  Downloaded roxmltree v0.18.1
  Downloaded rosvgtree v0.3.0
  Downloaded rkyv_derive v0.7.45
  Downloaded rgb v0.8.52
  Downloaded rawpointer v0.2.1
  Downloaded ravif v0.12.0
  Downloaded rand_xoshiro v0.7.0
  Downloaded rand_distr v0.4.3
  Downloaded rand_core v0.9.3
  Downloaded rand_core v0.6.4
  Downloaded rand_chacha v0.9.0
  Downloaded rand_chacha v0.3.1
  Downloaded ptr_meta_derive v0.1.4
  Downloaded ptr_meta v0.1.4
  Downloaded profiling-procmacros v1.0.17
  Downloaded profiling v1.0.17
  Downloaded proc-macro2-diagnostics v0.10.1
  Downloaded proc-macro2 v1.0.103
  Downloaded proc-macro-utils v0.10.0
  Downloaded proc-macro-error2 v2.0.1
  Downloaded proc-macro-error-attr2 v2.0.0
  Downloaded proc-macro-crate v3.4.0
  Downloaded proc-macro-crate v1.3.1
  Downloaded primeorder v0.13.6
  Downloaded pretty_env_logger v0.5.0
  Downloaded precomputed-hash v0.1.1
  Downloaded ppv-lite86 v0.2.21
  Downloaded powerfmt v0.2.0
  Downloaded potential_utf v0.1.4
  Downloaded poise v0.6.1
  Downloaded png v0.18.0
  Downloaded png v0.17.16
  Downloaded plotters v0.3.7
  Downloaded image v0.24.9
  Downloaded rexie v0.5.0
  Downloaded ref-cast v1.0.25
  Downloaded reactive_stores v0.3.0
  Downloaded p384 v0.13.1
  Downloaded ref-cast-impl v1.0.25
  Downloaded reactive_stores_macro v0.2.6
  Downloaded rctree v0.5.0
  Downloaded pkcs1 v0.7.5
  Downloaded pinned v0.1.0
  Downloaded pin-utils v0.1.0
  Downloaded pin-project-lite v0.2.16
  Downloaded pin-project-internal v1.1.10
  Downloaded pin-project v1.1.10
  Downloaded pico-args v0.5.0
  Downloaded phf_shared v0.10.0
  Downloaded phf_generator v0.11.3
  Downloaded phf_codegen v0.10.0
  Downloaded phf v0.11.3
  Downloaded phf v0.10.1
  Downloaded pgvector v0.4.1
  Downloaded openssl v0.10.75
  Downloaded linux-raw-sys v0.11.0
  Downloaded libnghttp2-sys v0.1.11+1.64.0
  Downloaded leptos_router v0.8.10
  Downloaded leptos-use v0.17.0
  Downloaded kurbo v0.9.5
  Downloaded phf_shared v0.11.3
  Downloaded phf_generator v0.10.0
  Downloaded percent-encoding v2.3.2
  Downloaded pem v3.0.6
  Downloaded pem v0.8.3
  Downloaded leptos v0.8.14
  Downloaded k256 v0.13.4
  Downloaded icondata_si v0.1.0
  Downloaded quote v1.0.42
  Downloaded quinn-udp v0.5.14
  Downloaded quick-error v2.0.1
  Downloaded quanta v0.12.6
  Downloaded pem-rfc7468 v0.7.0
  Downloaded openssl-sys v0.9.111
  Downloaded oauth2 v4.4.2
  Downloaded libz-sys v1.1.23
  Downloaded libc v0.2.178
  Downloaded num-derive v0.4.2
  Downloaded num-conv v0.1.0
  Downloaded num-complex v0.4.6
  Downloaded nu-ansi-term v0.50.3
  Downloaded noop_proc_macro v0.3.0
  Downloaded next_tuple v0.1.0
  Downloaded new_debug_unreachable v1.0.6
  Downloaded nanorand v0.7.0
  Downloaded murmurhash32 v0.3.1
  Downloaded multer v3.1.0
  Downloaded mini-moka v0.10.3
  Downloaded mime_guess v2.0.5
  Downloaded mime v0.3.17
  Downloaded metrics-util v0.20.1
  Downloaded metrics-exporter-prometheus v0.18.1
  Downloaded metrics v0.24.3
  Downloaded memmap2 v0.9.9
  Downloaded memmap2 v0.6.2
  Downloaded measure_time v0.9.0
  Downloaded markup5ever_rcdom v0.2.0
  Downloaded libm v0.2.15
  Downloaded image-webp v0.2.4
  Downloaded image v0.25.9
  Downloaded poise_macros v0.6.1
  Downloaded plotters-svg v0.3.7
  Downloaded plotters-canvas v0.3.1
  Downloaded plotters-bitmap v0.3.7
  Downloaded plotters-backend v0.3.7
  Downloaded pkg-config v0.3.32
  Downloaded pkcs8 v0.10.2
  Downloaded pathfinder_geometry v0.5.1
  Downloaded parking_lot_core v0.9.12
  Downloaded parking v2.2.1
  Downloaded p256 v0.13.2
  Downloaded ownedbytes v0.9.0
  Downloaded ouroboros_macro v0.18.5
  Downloaded ordered-float v4.6.0
  Downloaded num-traits v0.2.19
  Downloaded jpeg-decoder v0.3.2
  Downloaded isolang v2.4.0
  Downloaded icondata_mdi v0.1.0
  Downloaded pastey v0.1.1
  Downloaded paste v1.0.15
  Downloaded parking_lot v0.12.5
  Downloaded paginate v1.1.11
  Downloaded ouroboros v0.18.5
  Downloaded or_poisoned v0.1.0
  Downloaded option-ext v0.2.0
  Downloaded openssl-probe v0.1.6
  Downloaded openssl-macros v0.1.1
  Downloaded opaque-debug v0.3.1
  Downloaded oneshot v0.1.11
  Downloaded once_cell v1.21.3
  Downloaded oco_ref v0.2.1
  Downloaded num_cpus v1.17.0
  Downloaded num-rational v0.4.2
  Downloaded num-iter v0.1.45
  Downloaded num-integer v0.1.46
  Downloaded matrixmultiply v0.3.10
  Downloaded matchit v0.8.4
  Downloaded markup5ever v0.11.0
  Downloaded manyhow-macros v0.11.4
  Downloaded manyhow v0.11.4
  Downloaded mac v0.1.1
  Downloaded lz4_flex v0.11.5
  Downloaded lru-slab v0.1.2
  Downloaded loop9 v0.1.5
  Downloaded log v0.4.29
  Downloaded lock_api v0.4.14
  Downloaded litemap v0.8.1
  Downloaded linregress v0.5.4
  Downloaded linear-map v1.2.0
  Downloaded libloading v0.8.9
  Downloaded levenshtein_automata v0.2.1
  Downloaded itertools v0.14.0
  Downloaded isahc v1.7.2
  Downloaded iri-string v0.7.9
  Downloaded indicatif v0.18.3
  Downloaded indexmap v2.12.1
  Downloaded idna v1.1.0
  Downloaded icu_properties_data v2.1.2
  Downloaded icu_normalizer_data v2.1.1
  Downloaded icu_normalizer v2.1.1
  Downloaded icondata_ri v0.1.0
  Downloaded icondata_hi v0.1.0
  Downloaded icondata_fa v0.1.0
  Downloaded icondata_cg v0.1.0
  Downloaded icondata_bs v0.1.0
  Downloaded curl-sys v0.4.84+curl-8.17.0
  Downloaded maybe-rayon v0.1.1
  Downloaded matchers v0.2.0
  Downloaded lru v0.12.5
  Downloaded leptos_server v0.8.6
  Downloaded leptos_meta v0.8.5
  Downloaded leptos_integration_utils v0.8.7
  Downloaded jwt-simple v0.12.13
  Downloaded js-sys v0.3.83
  Downloaded jobserver v0.1.34
  Downloaded itoa v1.0.15
  Downloaded isocountry v0.3.2
  Downloaded ipnet v2.11.0
  Downloaded inventory v0.3.21
  Downloaded interpolator v0.5.0
  Downloaded inout v0.1.4
  Downloaded icondata_oc v0.1.0
  Downloaded icondata_lu v0.1.0
  Downloaded icondata_io v0.1.0
  Downloaded icondata_im v0.1.0
  Downloaded icondata_bi v0.1.0
  Downloaded icondata_ai v0.1.0
  Downloaded hyper-util v0.1.19
  Downloaded hyper v1.8.1
  Downloaded hyper v0.14.32
  Downloaded http v0.2.12
  Downloaded encoding_rs v0.8.35
  Downloaded csv v1.4.0
  Downloaded leptos_macro v0.8.12
  Downloaded leptos_hot_reload v0.8.5
  Downloaded leptos_dom v0.8.7
  Downloaded leptos_config v0.8.8
  Downloaded leptos_axum v0.8.7
  Downloaded lebe v0.5.3
  Downloaded lazy_static v1.5.0
  Downloaded is_terminal_polyfill v1.70.2
  Downloaded is-terminal v0.4.17
  Downloaded inout v0.2.2
  Downloaded inherent v1.0.13
  Downloaded imgref v1.12.0
  Downloaded imagesize v0.12.0
  Downloaded icu_provider v2.1.1
  Downloaded icu_properties v2.1.2
  Downloaded icu_collections v2.1.1
  Downloaded icondata_wi v0.1.0
  Downloaded icondata_vs v0.1.0
  Downloaded icondata_ti v0.1.0
  Downloaded icondata_tb v0.1.0
  Downloaded http v1.4.0
  Downloaded html5ever v0.26.0
  Downloaded hkdf v0.12.4
  Downloaded headers v0.4.1
  Downloaded hashbrown v0.16.1
  Downloaded hashbrown v0.15.5
  Downloaded hashbrown v0.14.5
  Downloaded hashbrown v0.12.3
  Downloaded h2 v0.3.27
  Downloaded exr v1.74.0
  Downloaded include_dir v0.7.4
  Downloaded idna_adapter v1.2.1
  Downloaded ident_case v1.0.1
  Downloaded icu_locale_core v2.1.1
  Downloaded icondata_fi v0.1.0
  Downloaded icondata_core v0.1.0
  Downloaded icondata_ch v0.1.0
  Downloaded icondata v0.6.0
  Downloaded iana-time-zone v0.1.64
  Downloaded hyperloglogplus v0.4.1
  Downloaded hyper-rustls v0.27.7
  Downloaded hyper-rustls v0.24.2
  Downloaded hydration_context v0.3.0
  Downloaded hybrid-array v0.4.5
  Downloaded humantime v2.3.0
  Downloaded httpdate v1.0.3
  Downloaded httparse v1.10.1
  Downloaded gloo v0.11.0
  Downloaded gif v0.12.0
  Downloaded futures-util v0.3.31
  Downloaded futures-intrusive v0.5.0
  Downloaded flume v0.11.1
  Downloaded flate2 v1.1.5
  Downloaded derive_more-impl v2.1.0
  Downloaded derive_more-impl v1.0.0
  Downloaded derive_more v2.1.0
  Downloaded derive_more v1.0.0
  Downloaded darling_core v0.20.11
  Downloaded curl v0.4.49
  Downloaded crypto-bigint v0.5.5
  Downloaded console_error_panic_hook v0.1.7
  Downloaded http-body-util v0.1.3
  Downloaded http-body v1.0.1
  Downloaded http-body v0.4.6
  Downloaded htmlescape v0.3.1
  Downloaded html-escape v0.2.13
  Downloaded home v0.5.12
  Downloaded hmac-sha512 v1.1.7
  Downloaded hmac-sha256 v1.1.12
  Downloaded hmac-sha1-compact v1.1.6
  Downloaded hmac v0.12.1
  Downloaded hex v0.4.3
  Downloaded heck v0.5.0
  Downloaded heck v0.4.1
  Downloaded headers-core v0.3.0
  Downloaded hashlink v0.10.0
  Downloaded half v2.7.1
  Downloaded guardian v1.3.0
  Downloaded group v0.13.0
  Downloaded gloo-worker-macros v0.1.0
  Downloaded gloo-worker v0.5.0
  Downloaded gloo-utils v0.2.0
  Downloaded gloo-timers v0.3.0
  Downloaded gloo-storage v0.3.0
  Downloaded gloo-render v0.2.0
  Downloaded gloo-net v0.6.0
  Downloaded gloo-net v0.5.0
  Downloaded gloo-history v0.2.2
  Downloaded gloo-file v0.3.0
  Downloaded gloo-events v0.2.0
  Downloaded freetype-sys v0.20.1
  Downloaded foldhash v0.2.0
  Downloaded foldhash v0.1.5
  Downloaded find-msvc-tools v0.1.5
  Downloaded filetime v0.2.26
  Downloaded ff v0.13.1
  Downloaded fdeflate v0.3.7
  Downloaded fastrand v2.3.0
  Downloaded event-listener v5.4.1
  Downloaded errno v0.3.14
  Downloaded equator v0.4.2
  Downloaded envy v0.4.2
  Downloaded env_logger v0.10.2
  Downloaded elliptic-curve v0.13.8
  Downloaded either v1.15.0
  Downloaded ed25519-compact v2.2.0
  Downloaded ece v2.3.1
  Downloaded ecdsa v0.16.9
  Downloaded dyn-clone v1.0.20
  Downloaded dotenvy v0.15.7
  Downloaded displaydoc v0.2.5
  Downloaded derive-where v1.6.0
  Downloaded der_derive v0.4.1
  Downloaded der v0.7.10
  Downloaded der v0.4.5
  Downloaded darling_core v0.21.3
  Downloaded darling v0.21.3
  Downloaded crossbeam-utils v0.8.21
  Downloaded crossbeam-channel v0.5.15
  Downloaded gloo-console v0.3.0
  Downloaded glob v0.3.3
  Downloaded git-const v1.1.0
  Downloaded gif v0.14.1
  Downloaded ghash v0.5.1
  Downloaded getrandom v0.3.4
  Downloaded getrandom v0.2.16
  Downloaded generic-array v0.14.7
  Downloaded fxhash v0.2.1
  Downloaded futures-task v0.3.31
  Downloaded futures-sink v0.3.31
  Downloaded futures-macro v0.3.31
  Downloaded futures-lite v2.6.1
  Downloaded futures-lite v1.13.0
  Downloaded futures-io v0.3.31
  Downloaded futf v0.1.5
  Downloaded fnv v1.0.7
  Downloaded float-ord v0.3.2
  Downloaded float-cmp v0.9.0
  Downloaded fax_derive v0.2.0
  Downloaded fax v0.2.6
  Downloaded fastrand v1.9.0
  Downloaded fastdivide v0.4.2
  Downloaded event-listener-strategy v0.5.4
  Downloaded event-listener v2.5.3
  Downloaded erased v0.1.2
  Downloaded equivalent v1.0.2
  Downloaded equator-macro v0.4.2
  Downloaded either_of v0.1.6
  Downloaded drain_filter_polyfill v0.1.3
  Downloaded downcast-rs v2.0.2
  Downloaded digest v0.10.7
  Downloaded derivative v2.2.0
  Downloaded data-url v0.2.0
  Downloaded data-encoding v2.9.0
  Downloaded dashmap v6.1.0
  Downloaded dashmap v5.5.3
  Downloaded darling v0.20.11
  Downloaded ctr v0.9.2
  Downloaded csv-core v0.1.13
  Downloaded crypto-common v0.1.7
  Downloaded crunchy v0.2.4
  Downloaded dirs-sys v0.5.0
  Downloaded dirs v6.0.0
  Downloaded deranged v0.5.5
  Downloaded default-struct-builder v0.5.1
  Downloaded darling_macro v0.21.3
  Downloaded darling_macro v0.20.11
  Downloaded ct-codecs v1.1.6
  Downloaded crypto-common v0.2.0-rc.9
  Downloaded crossbeam-queue v0.3.12
  Downloaded crossbeam-epoch v0.9.18
  Downloaded crossbeam-deque v0.8.6
  Downloaded crc32fast v1.5.0
  Downloaded core2 v0.4.0
  Downloaded const_format v0.2.35
  Downloaded const-str v0.6.4
  Downloaded console v0.16.2
  Downloaded concurrent-queue v2.5.0
  Downloaded fontdb v0.14.1
  Downloaded font-kit v0.14.3
  Downloaded cookie v0.18.1
  Downloaded convert_case v0.8.0
  Downloaded convert_case v0.6.0
  Downloaded const-oid v0.9.6
  Downloaded console_log v1.0.0
  Downloaded clap_builder v4.5.53
  Downloaded cc v1.2.49
  Downloaded bumpalo v3.19.1
  Downloaded bson v2.15.0
  Downloaded brotli-decompressor v5.0.0
  Downloaded brotli v8.0.2
  Downloaded borsh v1.6.0
  Downloaded bon-macros v3.8.1
  Downloaded av-scenechange v0.14.1
  Downloaded async-compression v0.4.36
  Downloaded futures-core v0.3.31
  Downloaded futures-channel v0.3.31
  Downloaded futures v0.3.31
  Downloaded fs4 v0.13.1
  Downloaded fontconfig-parser v0.5.8
  Downloaded crc-catalog v2.4.0
  Downloaded cpufeatures v0.2.17
  Downloaded constant_time_eq v0.3.1
  Downloaded const_str_slice_concat v0.1.0
  Downloaded const_format_proc_macros v0.2.34
  Downloaded const-oid v0.6.2
  Downloaded colorsys v0.6.7
  Downloaded clap v4.5.53
  Downloaded chrono v0.4.42
  Downloaded bytes v1.11.0
  Downloaded bytemuck v1.24.0
  Downloaded built v0.8.0
  Downloaded bon v3.8.1
  Downloaded bitvec v1.0.1
  Downloaded bitstream-io v4.9.0
  Downloaded bitflags v2.10.0
  Downloaded bincode v2.0.1
  Downloaded bigdecimal v0.4.9
  Downloaded base64 v0.22.1
  Downloaded base64 v0.21.7
  Downloaded base64 v0.13.1
  Downloaded axum-extra v0.10.3
  Downloaded axum v0.8.7
  Downloaded async-tungstenite v0.24.0
  Downloaded async-lock v3.4.1
  Downloaded aho-corasick v1.1.4
  Downloaded aes-gcm v0.10.3
  Downloaded aes v0.9.0-rc.2
  Downloaded aes v0.8.4
  Downloaded form_urlencoded v1.2.2
  Downloaded foreign-types-shared v0.1.1
  Downloaded foreign-types v0.3.2
  Downloaded crc v3.4.0
  Downloaded config v0.15.19
  Downloaded compression-core v0.4.31
  Downloaded compression-codecs v0.4.35
  Downloaded codee v0.3.5
  Downloaded clap_derive v4.5.49
  Downloaded cipher v0.5.0-rc.3
  Downloaded cipher v0.4.4
  Downloaded cfg_aliases v0.2.1
  Downloaded castaway v0.1.2
  Downloaded camino v1.2.2
  Downloaded byteorder v1.5.0
  Downloaded bytecheck v0.6.12
  Downloaded borsh-derive v1.6.0
  Downloaded blake2b_simd v1.0.3
  Downloaded bit_field v0.10.3
  Downloaded bincode v1.3.3
  Downloaded base64ct v1.8.1
  Downloaded axum-macros v0.5.0
  Downloaded axum-core v0.5.5
  Downloaded av1-grain v0.2.5
  Downloaded autocfg v1.5.0
  Downloaded attribute-derive-macro v0.10.5
  Downloaded attribute-derive v0.10.5
  Downloaded atomic-waker v1.1.2
  Downloaded atoi v2.0.0
  Downloaded async-trait v0.1.89
  Downloaded async-stream-impl v0.3.6
  Downloaded async-stream v0.3.6
  Downloaded async-once-cell v0.5.4
  Downloaded async-channel v1.9.0
  Downloaded as-slice v0.2.1
  Downloaded arrayvec v0.7.6
  Downloaded arrayref v0.3.9
  Downloaded arc-swap v1.7.1
  Downloaded allocator-api2 v0.2.21
  Downloaded collection_literals v1.0.3
  Downloaded coarsetime v0.1.36
  Downloaded clap_lex v0.7.6
  Downloaded cfg-if v1.0.4
  Downloaded census v0.4.2
  Downloaded byteorder-lite v0.1.0
  Downloaded bytecheck_derive v0.6.12
  Downloaded block-buffer v0.10.4
  Downloaded bitpacking v0.9.2
  Downloaded bitflags v1.3.2
  Downloaded bit-vec v0.6.3
  Downloaded bit-set v0.5.3
  Downloaded binstring v0.1.7
  Downloaded bincode_derive v2.0.1
  Downloaded base16ct v0.2.0
  Downloaded base16 v0.2.1
  Downloaded avif-serialize v0.8.6
  Downloaded ahash v0.8.12
  Downloaded ahash v0.7.8
  Downloaded anyhow v1.0.100
  Downloaded anstyle-parse v0.2.7
  Downloaded anstyle v1.0.13
  Downloaded aligned v0.4.3
  Downloaded aliasable v0.1.3
  Downloaded adler2 v2.0.1
  Downloaded any_spawner v0.3.0
  Downloaded anstream v0.6.21
  Downloaded alloc-stdlib v0.2.2
  Downloaded alloc-no-stdlib v2.0.4
  Downloaded aes-keywrap v0.9.0
  Downloaded aead v0.5.2
   Compiling proc-macro2 v1.0.103
   Compiling quote v1.0.42
   Compiling unicode-ident v1.0.22
   Compiling libc v0.2.178
    Checking cfg-if v1.0.4
   Compiling serde_core v1.0.228
   Compiling serde v1.0.228
   Compiling syn v2.0.111
   Compiling version_check v0.9.5
    Checking once_cell v1.21.3
    Checking getrandom v0.2.16
   Compiling autocfg v1.5.0
    Checking memchr v2.7.6
    Checking zeroize v1.8.2
    Checking itoa v1.0.15
   Compiling zerocopy v0.8.31
    Checking log v0.4.29
    Checking scopeguard v1.2.0
    Checking pin-project-lite v0.2.16
    Checking lock_api v0.4.14
   Compiling jobserver v0.1.34
   Compiling find-msvc-tools v0.1.5
   Compiling shlex v1.3.0
   Compiling cc v1.2.49
   Compiling typenum v1.19.0
    Checking futures-core v0.3.31
    Checking rand_core v0.6.4
   Compiling parking_lot_core v0.9.12
    Checking bytes v1.11.0
   Compiling generic-array v0.14.7
    Checking subtle v2.6.1
   Compiling libm v0.2.15
   Compiling thiserror v2.0.17
   Compiling crossbeam-utils v0.8.21
   Compiling num-traits v0.2.19
    Checking futures-sink v0.3.31
    Checking crypto-common v0.1.7
    Checking stable_deref_trait v1.2.1
    Checking futures-io v0.3.31
    Checking futures-channel v0.3.31
    Checking const-oid v0.9.6
    Checking slab v0.4.11
    Checking equivalent v1.0.2
    Checking socket2 v0.6.1
    Checking pin-utils v0.1.0
    Checking foldhash v0.2.0
    Checking hashbrown v0.16.1
    Checking futures-task v0.3.31
    Checking ryu v1.0.20
    Checking signal-hook-registry v1.4.7
    Checking mio v1.1.1
    Checking indexmap v2.12.1
    Checking block-buffer v0.10.4
    Checking digest v0.10.7
   Compiling synstructure v0.13.2
   Compiling syn v1.0.109
    Checking cpufeatures v0.2.17
   Compiling fnv v1.0.7
   Compiling ident_case v1.0.1
   Compiling strsim v0.11.1
    Checking percent-encoding v2.3.2
   Compiling serde_json v1.0.145
    Checking tracing-core v0.1.35
   Compiling getrandom v0.3.4
   Compiling rustversion v1.0.22
   Compiling wasm-bindgen-shared v0.2.106
    Checking litemap v0.8.1
    Checking writeable v0.6.2
    Checking form_urlencoded v1.2.2
   Compiling icu_normalizer_data v2.1.1
   Compiling icu_properties_data v2.1.2
   Compiling ring v0.17.14
   Compiling pkg-config v0.3.32
   Compiling bumpalo v3.19.1
    Checking base64 v0.22.1
   Compiling wasm-bindgen-macro-support v0.2.106
   Compiling wasm-bindgen v0.2.106
    Checking byteorder v1.5.0
    Checking utf8_iter v1.0.4
   Compiling darling_core v0.20.11
   Compiling serde_derive v1.0.228
   Compiling zerocopy-derive v0.8.31
   Compiling futures-macro v0.3.31
   Compiling thiserror-impl v2.0.17
   Compiling tokio-macros v2.6.0
    Checking smallvec v1.15.1
    Checking parking_lot v0.12.5
    Checking futures-util v0.3.31
    Checking arrayvec v0.7.6
   Compiling zerofrom-derive v0.1.6
   Compiling yoke-derive v0.8.1
    Checking tokio v1.48.0
    Checking ppv-lite86 v0.2.21
   Compiling zerovec-derive v0.11.2
   Compiling displaydoc v0.2.5
   Compiling tracing-attributes v0.1.31
    Checking zerofrom v0.1.6
    Checking yoke v0.8.1
   Compiling wasm-bindgen-macro v0.2.106
    Checking zerotrie v0.2.3
   Compiling ptr_meta_derive v0.1.4
   Compiling ahash v0.7.8
   Compiling crc32fast v1.5.0
   Compiling semver v1.0.27
    Checking zerovec v0.11.5
    Checking untrusted v0.9.0
   Compiling bytecheck v0.6.12
    Checking tinystr v0.8.2
    Checking icu_locale_core v2.1.1
    Checking potential_utf v0.1.4
    Checking icu_collections v2.1.1
    Checking icu_provider v2.1.1
   Compiling rustc_version v0.4.1
    Checking icu_normalizer v2.1.1
    Checking icu_properties v2.1.2
    Checking ptr_meta v0.1.4
   Compiling darling_macro v0.20.11
    Checking idna_adapter v1.2.1
    Checking idna v1.1.0
   Compiling bytecheck_derive v0.6.12
    Checking url v2.5.7
   Compiling rend v0.4.2
    Checking bitflags v2.10.0
   Compiling thiserror v1.0.69
   Compiling rkyv v0.7.45
    Checking hashbrown v0.12.3
    Checking either v1.15.0
   Compiling rkyv_derive v0.7.45
   Compiling thiserror-impl v1.0.69
    Checking tracing v0.1.43
    Checking http v1.4.0
    Checking spin v0.9.8
   Compiling anyhow v1.0.100
   Compiling httparse v1.10.1
    Checking seahash v4.1.0
    Checking js-sys v0.3.83
    Checking rand_chacha v0.3.1
    Checking iana-time-zone v0.1.64
    Checking rand v0.8.5
    Checking num_cpus v1.17.0
    Checking regex-syntax v0.8.8
    Checking futures-executor v0.3.31
    Checking futures v0.3.31
   Compiling darling v0.20.11
    Checking concurrent-queue v2.5.0
    Checking num-integer v0.1.46
    Checking rustls-pki-types v1.13.2
    Checking parking v2.2.1
    Checking aho-corasick v1.1.4
   Compiling num-conv v0.1.0
    Checking utf-8 v0.7.6
    Checking powerfmt v0.2.0
   Compiling time-core v0.1.6
    Checking regex-automata v0.4.13
   Compiling time-macros v0.2.24
    Checking deranged v0.5.5
   Compiling proc-macro-error-attr2 v2.0.0
   Compiling paste v1.0.15
    Checking simd-adler32 v0.3.8
   Compiling heck v0.4.1
   Compiling unicode-xid v0.2.6
    Checking tower-service v0.3.3
    Checking httpdate v1.0.3
    Checking mime v0.3.17
   Compiling proc-macro-error2 v2.0.1
    Checking tokio-util v0.7.17
    Checking try-lock v0.2.5
    Checking want v0.3.1
    Checking adler2 v2.0.1
    Checking miniz_oxide v0.8.9
    Checking time v0.3.44
    Checking event-listener v5.4.1
    Checking web-sys v0.3.83
    Checking regex v1.12.2
   Compiling async-trait v0.1.89
    Checking chrono v0.4.42
    Checking flate2 v1.1.5
    Checking num-bigint v0.4.6
    Checking serde_urlencoded v0.7.1
    Checking rand_core v0.9.3
    Checking sha1 v0.10.6
    Checking encoding_rs v0.8.35
    Checking ipnet v2.11.0
   Compiling rayon-core v1.13.0
    Checking webpki-roots v1.0.4
    Checking data-encoding v2.9.0
    Checking rand_chacha v0.9.0
    Checking lazy_static v1.5.0
    Checking uuid v1.19.0
    Checking hmac v0.12.1
    Checking rand v0.9.2
   Compiling equator-macro v0.4.2
    Checking sha2 v0.10.9
   Compiling proc-macro2-diagnostics v0.10.1
    Checking bytemuck v1.24.0
    Checking hkdf v0.12.4
    Checking webpki-roots v0.26.11
    Checking itertools v0.14.0
   Compiling yansi v1.0.1
    Checking wasm-bindgen-futures v0.4.56
    Checking icondata_core v0.1.0
    Checking http v0.2.12
    Checking hex v0.4.3
    Checking tinyvec_macros v0.1.1
    Checking tinyvec v1.10.0
    Checking http-body v1.0.1
   Compiling slotmap v1.1.1
   Compiling rustls v0.23.35
   Compiling rustix v1.1.2
    Checking rustls-webpki v0.103.8
   Compiling unicode-segmentation v1.12.0
    Checking allocator-api2 v0.2.21
    Checking foldhash v0.1.5
   Compiling unicase v2.8.1
    Checking hashbrown v0.15.5
   Compiling mime_guess v2.0.5
   Compiling convert_case v0.8.0
    Checking gloo-utils v0.2.0
   Compiling pin-project-internal v1.1.10
   Compiling indexmap v1.9.3
   Compiling bigdecimal v0.4.9
    Checking base64 v0.21.7
    Checking unicode-bidi v0.3.18
   Compiling av-scenechange v0.14.1
   Compiling rust_decimal v1.39.0
    Checking hashbrown v0.14.5
   Compiling crossbeam-epoch v0.9.18
   Compiling csv-core v0.1.13
    Checking sync_wrapper v1.0.2
    Checking tower-layer v0.3.3
    Checking utf8parse v0.2.2
   Compiling heck v0.5.0
   Compiling built v0.8.0
   Compiling rustls v0.21.12
    Checking atomic-waker v1.1.2
    Checking hyper v1.8.1
   Compiling csv v1.4.0
   Compiling rav1e v0.8.1
    Checking anstyle-parse v0.2.7
   Compiling crossbeam-deque v0.8.6
    Checking http-body-util v0.1.3
   Compiling proc-macro-utils v0.10.0
   Compiling const_format_proc_macros v0.2.34
    Checking rustls-webpki v0.101.7
    Checking sct v0.7.1
   Compiling arg_enum_proc_macro v0.3.4
    Checking pin-project v1.1.10
   Compiling profiling-procmacros v1.0.17
    Checking throw_error v0.3.1
   Compiling pastey v0.1.1
    Checking anstyle-query v1.1.5
   Compiling prettyplease v0.2.37
    Checking colorchoice v1.0.4
    Checking anstyle v1.0.13
   Compiling rustls v0.22.4
    Checking new_debug_unreachable v1.0.6
    Checking crc-catalog v2.4.0
    Checking is_terminal_polyfill v1.70.2
   Compiling camino v1.2.2
    Checking anstream v0.6.21
    Checking crc v3.4.0
    Checking hyper-util v0.1.19
   Compiling codegen-rs v0.1.0 (https://github.com/sayanarijit/codegen-rs#f081d6e1)
    Checking tower v0.5.2
    Checking hashlink v0.10.0
    Checking unicode-normalization v0.1.25
    Checking h2 v0.3.27
    Checking http-body v0.4.6
   Compiling equator v0.4.2
    Checking event-listener-strategy v0.5.4
    Checking tokio-stream v0.1.17
    Checking rustls-webpki v0.102.8
   Compiling reactive_graph v0.2.11
   Compiling server_fn_macro v0.8.8
    Checking futures-intrusive v0.5.0
   Compiling derive-where v1.6.0
   Compiling zstd-sys v2.0.16+zstd.1.5.7
   Compiling darling_core v0.21.3
    Checking crossbeam-queue v0.3.12
    Checking send_wrapper v0.6.0
   Compiling multer v3.1.0
    Checking socket2 v0.5.10
    Checking clap_lex v0.7.6
    Checking rustc-hash v2.1.1
    Checking unicode-properties v0.1.4
    Checking dotenvy v0.15.7
    Checking same-file v1.0.6
    Checking or_poisoned v0.1.0
    Checking hydration_context v0.3.0
    Checking walkdir v2.5.0
    Checking stringprep v0.1.5
    Checking clap_builder v4.5.53
    Checking hyper v0.14.32
    Checking sqlx-core v0.8.6
    Checking async-lock v3.4.1
   Compiling aligned-vec v0.6.4
    Checking tokio-rustls v0.24.1
   Compiling const_format v0.2.35
   Compiling clap_derive v4.5.49
    Checking dashmap v6.1.0
    Checking any_spawner v0.3.0
    Checking tungstenite v0.28.0
   Compiling syn_derive v0.2.0
   Compiling dumb_csv_macros v0.1.0 (/app/proc-macros/dumb-csv-macros)
   Compiling num-derive v0.4.2
   Compiling fax_derive v0.2.0
   Compiling darling_macro v0.21.3
    Checking md-5 v0.10.6
    Checking atoi v2.0.0
    Checking serde_path_to_error v0.1.20
   Compiling simd_helpers v0.1.0
   Compiling ahash v0.8.12
    Checking base64ct v1.8.1
   Compiling virtue v0.0.18
    Checking home v0.5.12
    Checking whoami v1.6.1
    Checking guardian v1.3.0
    Checking bitflags v1.3.2
   Compiling xxhash-rust v0.8.15
   Compiling vcpkg v0.2.15
   Compiling noop_proc_macro v0.3.0
    Checking clap v4.5.53
   Compiling as-slice v0.2.1
   Compiling bincode_derive v2.0.1
    Checking sqlx-postgres v0.8.6
    Checking pem-rfc7468 v0.7.0
   Compiling darling v0.21.3
    Checking tokio-tungstenite v0.28.0
    Checking hyper-rustls v0.24.2
   Compiling v_frame v0.3.9
   Compiling num-rational v0.4.2
   Compiling rayon v1.11.0
   Compiling quote-use-macros v0.8.4
   Compiling manyhow-macros v0.11.4
    Checking axum-core v0.5.5
    Checking rustls-pemfile v1.0.4
   Compiling reactive_stores_macro v0.2.6
   Compiling sea-query-derive v0.4.3
    Checking fdeflate v0.3.7
   Compiling tachys v0.2.11
   Compiling derive_more-impl v1.0.0
   Compiling axum-macros v0.5.0
   Compiling inherent v1.0.13
    Checking ordered-float v4.6.0
    Checking siphasher v1.0.1
    Checking siphasher v0.3.11
   Compiling zstd-safe v7.2.4
    Checking sync_wrapper v0.1.2
    Checking winnow v0.7.14
    Checking webpki-roots v0.25.4
    Checking matchit v0.8.4
    Checking utf8-width v0.1.8
    Checking html-escape v0.2.13
    Checking reqwest v0.11.27
    Checking toml_parser v1.0.5+spec-1.0.0
    Checking phf_shared v0.11.3
    Checking reactive_stores v0.3.0
   Compiling manyhow v0.11.4
   Compiling quote-use v0.8.4
    Checking sqlx v0.8.6
    Checking der v0.7.10
    Checking sea-query v0.32.7
   Compiling aligned v0.4.3
    Checking tokio-rustls v0.25.0
    Checking tungstenite v0.21.0
    Checking sharded-slab v0.1.7
    Checking either_of v0.1.6
    Checking matchers v0.2.0
   Compiling core2 v0.4.0
   Compiling nom v8.0.0
   Compiling server_fn v0.8.8
    Checking oco_ref v0.2.1
    Checking tracing-log v0.2.0
    Checking inout v0.1.4
    Checking serde_spanned v1.0.4
    Checking toml_datetime v0.7.4+spec-1.0.0
    Checking thread_local v1.1.9
    Checking nu-ansi-term v0.50.3
    Checking const_str_slice_concat v0.1.0
    Checking drain_filter_polyfill v0.1.3
    Checking linear-map v1.2.0
    Checking color_quant v1.1.0
   Compiling linux-raw-sys v0.11.0
   Compiling quick-error v2.0.1
    Checking next_tuple v0.1.0
   Compiling collection_literals v1.0.3
   Compiling interpolator v0.5.0
   Compiling y4m v0.8.0
    Checking erased v0.1.2
   Compiling radium v0.7.0
    Checking convert_case v0.6.0
   Compiling attribute-derive-macro v0.10.5
   Compiling av1-grain v0.2.5
    Checking axum v0.8.7
    Checking tracing-subscriber v0.3.22
    Checking toml v0.9.9+spec-1.0.0
    Checking cipher v0.4.4
   Compiling bitstream-io v4.9.0
    Checking sea-query-binder v0.7.0
    Checking spki v0.7.3
   Compiling server_fn_macro_default v0.8.5
   Compiling maybe-rayon v0.1.1
   Compiling rstml v0.12.1
   Compiling profiling v1.0.17
    Checking gloo-net v0.6.0
    Checking wasm-streams v0.4.2
   Compiling ouroboros_macro v0.18.5
   Compiling half v2.7.1
   Compiling sea-bae v0.2.1
   Compiling derive_more-impl v2.1.0
   Compiling leptos_macro v0.8.12
    Checking serde_qs v0.15.0
   Compiling async-stream-impl v0.3.6
   Compiling typed-builder-macro v0.21.2
    Checking universal-hash v0.5.1
    Checking const-str v0.6.4
    Checking pathdiff v0.2.3
   Compiling zune-core v0.4.12
    Checking opaque-debug v0.3.1
   Compiling base16 v0.2.1
   Compiling imgref v1.12.0
   Compiling portable-atomic v1.11.1
   Compiling weezl v0.1.12
    Checking static_assertions v1.1.0
    Checking inventory v0.3.21
    Checking aliasable v0.1.3
    Checking tap v1.0.1
    Checking wyz v0.5.1
    Checking ouroboros v0.18.5
    Checking derive_more v2.1.0
   Compiling loop9 v0.1.5
   Compiling wasm_split_macros v0.2.0
    Checking polyval v0.6.2
   Compiling zune-jpeg v0.4.21
    Checking config v0.15.19
    Checking async-stream v0.3.6
   Compiling sea-orm-macros v1.1.19
   Compiling leptos_hot_reload v0.8.5
    Checking pkcs8 v0.10.2
    Checking zstd v0.13.3
    Checking typed-builder v0.21.2
   Compiling attribute-derive v0.10.5
    Checking png v0.17.16
   Compiling openssl-sys v0.9.111
   Compiling fax v0.2.6
   Compiling avif-serialize v0.8.6
   Compiling xiv-gen v0.1.0 (/app/xiv-gen)
   Compiling zune-inflate v0.2.54
   Compiling pxfm v0.1.27
   Compiling sea-schema-derive v0.3.0
   Compiling leptos v0.8.14
    Checking codee v0.3.5
   Compiling typed-builder-macro v0.22.0
   Compiling unty v0.0.4
    Checking glob v0.3.3
    Checking async-once-cell v0.5.4
    Checking funty v2.0.0
    Checking strum v0.26.3
   Compiling rgb v0.8.52
   Compiling lebe v0.5.3
   Compiling byteorder-lite v0.1.0
   Compiling bit_field v0.10.3
   Compiling unicode-width v0.2.2
   Compiling zune-core v0.5.0
    Checking alloc-no-stdlib v2.0.4
   Compiling qoi v0.4.1
    Checking alloc-stdlib v0.2.2
   Compiling zune-jpeg v0.5.7
   Compiling console v0.16.2
    Checking sea-orm v1.1.19
   Compiling exr v1.74.0
   Compiling image-webp v0.2.4
   Compiling ravif v0.12.0
    Checking bitvec v1.0.1
    Checking wasm_split_helpers v0.2.0
    Checking sea-orm-cli v1.1.19
   Compiling bincode v2.0.1
   Compiling gif v0.14.1
    Checking sea-schema v0.16.2
    Checking typed-builder v0.22.0
    Checking leptos_server v0.8.6
   Compiling moxcms v0.7.11
   Compiling png v0.18.0
   Compiling tiff v0.10.3
    Checking leptos_config v0.8.8
    Checking ghash v0.5.1
    Checking leptos_dom v0.8.7
    Checking aes v0.8.4
    Checking ctr v0.9.2
   Compiling xattr v1.6.1
   Compiling derive_more v1.0.0
   Compiling serde_with_macros v3.16.1
   Compiling dumb_csv v0.1.0 (/app/dumb-csv)
   Compiling pathfinder_simd v0.5.5 (https://github.com/servo/pathfinder.git#3d0b936f)
   Compiling yeslogic-fontconfig-sys v6.0.0
   Compiling freetype-sys v0.20.1
   Compiling filetime v0.2.26
    Checking aead v0.5.2
    Checking serde_bytes v0.11.19
    Checking jpeg-decoder v0.3.2
   Compiling fastrand v2.3.0
   Compiling unit-prefix v0.5.2
   Compiling indicatif v0.18.3
   Compiling tempfile v3.23.0
