[e2e] spawning fresh server on port 33895
[e2e] cargo leptos build (set SKIP_BUILD=1 to skip)
[38;5;214m         Env[0m LEPTOS_FEATURES is not used by cargo-leptos
   Compiling wast v252.0.0
   Compiling leptos_macro v0.8.16
   Compiling dumb_csv_macros v0.1.0 (/app/proc-macros/dumb-csv-macros)
   Compiling rkyv_derive v0.7.46
   Compiling matrixmultiply v0.3.10
   Compiling bytes v1.12.0
   Compiling rayon-core v1.13.0
   Compiling bitflags v2.13.0
   Compiling icu_provider_registry v2.2.0
   Compiling rustls v0.23.41
   Compiling simdutf8 v0.1.5
   Compiling bytecheck v0.6.12
   Compiling wasmparser v0.239.0
   Compiling http v1.4.2
   Compiling wat v1.252.0
   Compiling wasmi_ir v1.1.0
   Compiling num-rational v0.4.2
   Compiling crossbeam-deque v0.8.6
   Compiling leptos_i18n_parser v0.6.2
   Compiling icu_time v2.2.0
   Compiling rustls-webpki v0.103.13
   Compiling httparse v1.10.1
   Compiling icu_casemap v2.2.0
   Compiling leptos v0.8.19
   Compiling rend v0.4.2
   Compiling ordered-float v2.10.1
   Compiling icu_list v2.2.0
   Compiling serde_spanned v0.6.9
   Compiling toml_datetime v0.6.11
   Compiling ryu v1.0.23
   Compiling base64 v0.22.1
   Compiling winnow v0.7.15
   Compiling rawpointer v0.2.1
   Compiling zip v2.4.2
   Compiling spin v0.9.8
   Compiling wasmi_collections v1.1.0
   Compiling subtle v2.6.1
   Compiling toml_edit v0.22.27
   Compiling wasmi v1.1.0
   Compiling ureq-proto v0.6.0
   Compiling icu_experimental v0.5.0
   Compiling serde-value v0.7.0
   Compiling leptos_i18n_codegen v0.6.2
   Compiling icu_datetime v2.2.0
   Compiling icu_collator v2.2.0
   Compiling webpki-roots v1.0.8
   Compiling xiv-gen v0.1.0 (/app/xiv-gen)
   Compiling rkyv v0.7.46
   Compiling zopfli v0.8.3
   Compiling ptr_meta v0.1.4
   Compiling num-complex v0.4.6
   Compiling xiv-gen-macros v0.1.0 (/app/proc-macros/xiv-gen-macros)
   Compiling chrono v0.4.45
   Compiling ahash v0.7.8
   Compiling icu_segmenter v2.2.0
   Compiling filetime v0.2.29
   Compiling num-conv v0.2.2
   Compiling bytemuck v1.25.0
   Compiling utf8-zero v0.8.1
   Compiling time-core v0.1.9
   Compiling percent-encoding v2.3.2
   Compiling crlify v1.0.5
   Compiling seahash v4.1.0
   Compiling icu_provider_baked v2.2.0
   Compiling ureq v3.3.0
   Compiling time-macros v0.2.30
   Compiling safe_arch v0.7.4
   Compiling tar v0.4.46
   Compiling icu v2.2.0
   Compiling ndarray v0.16.1
   Compiling rayon v1.12.0
   Compiling serde-aux v4.7.0
   Compiling icu_codepointtrie_builder v0.6.0
   Compiling toml v0.8.23
   Compiling dumb_csv v0.1.0 (/app/dumb-csv)
   Compiling derive_more v2.1.1
   Compiling elsa v1.11.2
   Compiling csv-core v0.1.13
   Compiling cookie v0.18.1
   Compiling twox-hash v2.1.2
   Compiling siphasher v1.0.3
   Compiling powerfmt v0.2.0
   Compiling parse-zoneinfo v0.5.0
   Compiling getrandom v0.3.4
   Compiling deranged v0.5.8
   Compiling time v0.3.51
   Compiling icu_provider_source v2.2.0
   Compiling phf_shared v0.11.3
   Compiling csv v1.4.0
   Compiling icu_provider_export v2.2.0
   Compiling hashbrown v0.12.3
   Compiling wide v0.7.33
   Compiling num-integer v0.1.46
   Compiling approx v0.5.1
   Compiling crc32fast v1.5.0
   Compiling unic-langid-impl v0.9.6
   Compiling scopeguard v1.2.0
   Compiling leptos-use v0.18.3
   Compiling adler2 v2.0.1
   Compiling simd-adler32 v0.3.9
   Compiling miniz_oxide v0.8.9
   Compiling lock_api v0.4.14
   Compiling unic-langid v0.9.6
   Compiling simba v0.9.1
   Compiling leptos_i18n_build v0.6.2
   Compiling phf v0.11.3
   Compiling default-struct-builder v0.5.1
   Compiling leptos_router v0.8.13
   Compiling xiv-gen-db v0.1.0 (/app/xiv-gen-db)
   Compiling gloo-timers v0.3.0
   Compiling lazy_static v1.5.0
   Compiling typenum v1.20.1
   Compiling nalgebra v0.33.3
   Compiling fastrand v2.4.1
   Compiling isolang v2.4.0
   Compiling flate2 v1.1.9
   Compiling ultros-api-types v0.1.0 (/app/ultros-api-types)
   Compiling leptos_i18n_macro v0.6.2
   Compiling serde_urlencoded v0.7.1
   Compiling leptos_meta v0.8.6
   Compiling field-iterator-macros v0.1.0 (/app/proc-macros/field-iterator-macros)
   Compiling icu_locale v2.2.0
   Compiling gloo-utils v0.3.0
   Compiling leptos_router_macro v0.8.6
   Compiling icondata_lu v0.1.0
   Compiling icondata_cg v0.1.0
   Compiling icondata_tb v0.1.0
   Compiling icondata_io v0.1.0
   Compiling icondata_bi v0.1.0
   Compiling icondata_mdi v0.1.0
   Compiling icondata_fi v0.1.0
   Compiling icondata_ri v0.1.0
   Compiling icondata_oc v0.1.0
   Compiling icondata_vs v0.1.0
   Compiling icondata_ai v0.1.0
   Compiling icondata_ti v0.1.0
   Compiling icondata_wi v0.1.0
   Compiling icondata_fa v0.1.0
   Compiling icondata_hi v0.2.0
   Compiling icondata_ch v0.1.0
   Compiling icondata_bs v0.1.0
   Compiling icondata_si v0.1.0
   Compiling icondata_im v0.1.0
   Compiling serde-wasm-bindgen v0.6.5
   Compiling sync_wrapper v1.0.2
   Compiling tokio v1.52.3
   Compiling tracing-core v0.1.36
   Compiling tracing-attributes v0.1.31
   Compiling log v0.4.33
   Compiling idb v0.6.5
   Compiling reqwest v0.12.28
   Compiling leptos_i18n v0.6.2
   Compiling icondata v0.7.0
   Compiling gloo-net v0.7.0
   Compiling field-iterator v0.1.0 (/app/field-iterator)
   Compiling ultros-charts v0.1.0 (/app/ultros-frontend/ultros-charts)
   Compiling timeago v0.6.0
   Compiling flume v0.12.0
   Compiling linregress v0.5.4
   Compiling leptos_hotkeys v0.3.0 (https://github.com/slowtec/leptos-hotkeys.git?branch=leptos-0.8#8ecd67c9)
   Compiling gloo-timers v0.4.0
   Compiling uuid v1.23.3
   Compiling thousands v0.2.0
   Compiling paginate v1.1.11
   Compiling humantime v2.3.0
   Compiling colorsys v0.7.3
   Compiling rexie v0.6.2
   Compiling console_log v1.0.0
   Compiling console_error_panic_hook v0.1.7
   Compiling serde_bytes v0.11.19
   Compiling tracing v0.1.44
   Compiling ultros-app v0.1.0 (/app/ultros-frontend/ultros-app)
error: could not compile `ultros-app` (lib)

Caused by:
  process didn't exit successfully: `/home/jules/.rustup/toolchains/nightly-2026-01-06-x86_64-unknown-linux-gnu/bin/rustc --crate-name ultros_app --edition=2024 ultros-frontend/ultros-app/src/lib.rs --error-format=json --json=diagnostic-rendered-ansi,artifacts,future-incompat --crate-type lib --emit=dep-info,metadata,link -C embed-bitcode=no -C debuginfo=2 --cfg 'feature="gloo-net"' --cfg 'feature="hydrate"' --cfg 'feature="js-sys"' --cfg 'feature="wasm-bindgen"' --cfg 'feature="wasm-bindgen-futures"' --cfg 'feature="web-sys"' --check-cfg 'cfg(docsrs,test)' --check-cfg 'cfg(feature, values("axum", "default", "gloo-net", "hydrate", "js-sys", "leptos_axum", "ssr", "ultros-db", "wasm-bindgen", "wasm-bindgen-futures", "web-sys"))' -C metadata=d320a8dfedfddb6f -C extra-filename=-8bf8b33e1e5eb7f3 --out-dir /app/target/front/wasm32-unknown-unknown/debug/deps --target wasm32-unknown-unknown -C incremental=/app/target/front/wasm32-unknown-unknown/debug/incremental -L dependency=/app/target/front/wasm32-unknown-unknown/debug/deps -L dependency=/app/target/front/debug/deps --extern anyhow=/app/target/front/wasm32-unknown-unknown/debug/deps/libanyhow-682fd9f559fe961c.rmeta --extern cfg_if=/app/target/front/wasm32-unknown-unknown/debug/deps/libcfg_if-f935b4f5ed0f34ed.rmeta --extern chrono=/app/target/front/wasm32-unknown-unknown/debug/deps/libchrono-11cefcbd08a6c13d.rmeta --extern codee=/app/target/front/wasm32-unknown-unknown/debug/deps/libcodee-aebf012fe276a140.rmeta --extern colorsys=/app/target/front/wasm32-unknown-unknown/debug/deps/libcolorsys-d7e64dc496fbd93d.rmeta --extern cookie=/app/target/front/wasm32-unknown-unknown/debug/deps/libcookie-50e7f788300d6fbe.rmeta --extern field_iterator=/app/target/front/wasm32-unknown-unknown/debug/deps/libfield_iterator-1412200e979d0d42.rmeta --extern flume=/app/target/front/wasm32-unknown-unknown/debug/deps/libflume-330a572d8f03065b.rmeta --extern futures=/app/target/front/wasm32-unknown-unknown/debug/deps/libfutures-700535e8150b07d0.rmeta --extern gloo_net=/app/target/front/wasm32-unknown-unknown/debug/deps/libgloo_net-530188d595c31b8e.rmeta --extern gloo_timers=/app/target/front/wasm32-unknown-unknown/debug/deps/libgloo_timers-32306b8b77059533.rmeta --extern humantime=/app/target/front/wasm32-unknown-unknown/debug/deps/libhumantime-1702ebd813fb07db.rmeta --extern icondata=/app/target/front/wasm32-unknown-unknown/debug/deps/libicondata-957893500e234b36.rmeta --extern icondata_core=/app/target/front/wasm32-unknown-unknown/debug/deps/libicondata_core-70106844e86e9775.rmeta --extern itertools=/app/target/front/wasm32-unknown-unknown/debug/deps/libitertools-fc963c1b9305e804.rmeta --extern js_sys=/app/target/front/wasm32-unknown-unknown/debug/deps/libjs_sys-51599d55a1d0c5a3.rmeta --extern leptos=/app/target/front/wasm32-unknown-unknown/debug/deps/libleptos-aa20b650b9b2669e.rmeta --extern leptos_use=/app/target/front/wasm32-unknown-unknown/debug/deps/libleptos_use-4cf275fc0f0b93ea.rmeta --extern leptos_hotkeys=/app/target/front/wasm32-unknown-unknown/debug/deps/libleptos_hotkeys-7ede403f93e77292.rmeta --extern leptos_i18n=/app/target/front/wasm32-unknown-unknown/debug/deps/libleptos_i18n-755f3bcdc9c676df.rmeta --extern leptos_meta=/app/target/front/wasm32-unknown-unknown/debug/deps/libleptos_meta-4dcd3568c2ceeb14.rmeta --extern leptos_router=/app/target/front/wasm32-unknown-unknown/debug/deps/libleptos_router-800955406fafd0e9.rmeta --extern linregress=/app/target/front/wasm32-unknown-unknown/debug/deps/liblinregress-58274bc98f7d3a3e.rmeta --extern log=/app/target/front/wasm32-unknown-unknown/debug/deps/liblog-c5e78d7d73ceaf94.rmeta --extern paginate=/app/target/front/wasm32-unknown-unknown/debug/deps/libpaginate-5cfd7a6ceb2acd6a.rmeta --extern percent_encoding=/app/target/front/wasm32-unknown-unknown/debug/deps/libpercent_encoding-e66c38a5a7fb922f.rmeta --extern reqwest=/app/target/front/wasm32-unknown-unknown/debug/deps/libreqwest-01a2efb0d4a4bf0e.rmeta --extern send_wrapper=/app/target/front/wasm32-unknown-unknown/debug/deps/libsend_wrapper-0da4a32dc430a3c0.rmeta --extern serde=/app/target/front/wasm32-unknown-unknown/debug/deps/libserde-ff1a843b0c887052.rmeta --extern serde_json=/app/target/front/wasm32-unknown-unknown/debug/deps/libserde_json-5b953e38171dcae0.rmeta --extern thiserror=/app/target/front/wasm32-unknown-unknown/debug/deps/libthiserror-86292732b213a80d.rmeta --extern thousands=/app/target/front/wasm32-unknown-unknown/debug/deps/libthousands-e6bfd74c778de743.rmeta --extern time=/app/target/front/wasm32-unknown-unknown/debug/deps/libtime-fc677de31cac5818.rmeta --extern timeago=/app/target/front/wasm32-unknown-unknown/debug/deps/libtimeago-12d948f2d76f6fa0.rmeta --extern tracing=/app/target/front/wasm32-unknown-unknown/debug/deps/libtracing-45967a92d7f9db7f.rmeta --extern ultros_api_types=/app/target/front/wasm32-unknown-unknown/debug/deps/libultros_api_types-4dd8982a5ba99bae.rmeta --extern ultros_charts=/app/target/front/wasm32-unknown-unknown/debug/deps/libultros_charts-d64bc2cfd1e230dd.rmeta --extern uuid=/app/target/front/wasm32-unknown-unknown/debug/deps/libuuid-6950b5a0cdfe287e.rmeta --extern wasm_bindgen=/app/target/front/wasm32-unknown-unknown/debug/deps/libwasm_bindgen-74d13a670b84d696.rmeta --extern wasm_bindgen_futures=/app/target/front/wasm32-unknown-unknown/debug/deps/libwasm_bindgen_futures-143387e83db7331f.rmeta --extern web_sys=/app/target/front/wasm32-unknown-unknown/debug/deps/libweb_sys-25fab26b7e503e89.rmeta --extern xiv_gen=/app/target/front/wasm32-unknown-unknown/debug/deps/libxiv_gen-a9d112384b6ca9b1.rmeta --extern xiv_gen_db=/app/target/front/wasm32-unknown-unknown/debug/deps/libxiv_gen_db-4623e92cb57f15af.rmeta --cfg=web_sys_unstable_apis` (signal: 9, SIGKILL: kill)
Error: Failed to build ultros
