   Compiling migration v0.1.0 (/app/migration)
   Compiling xiv-gen-db v0.1.0 (/app/xiv-gen-db)
   Compiling tantivy-bitpacker v0.10.0
   Compiling ultros-xiv-icons v0.1.0 (/app/ultros-frontend/ultros-xiv-icons)
   Compiling leptos_axum v0.8.9
   Compiling html5ever v0.26.0
   Compiling aes-keywrap v0.9.0
   Compiling tiny-skia-path v0.12.0
   Compiling openssl-sys v0.9.117
   Compiling xml5ever v0.17.0
   Compiling tokio-rustls v0.25.0
   Compiling tungstenite v0.21.0
   Compiling phf v0.11.3
   Compiling qoi v0.4.1
   Compiling hmac-sha256 v1.1.14
   Compiling hmac-sha512 v1.1.12
   Compiling base64 v0.13.1
   Compiling minimal-lexical v0.2.1
   Compiling ct-codecs v1.1.7
   Compiling const-oid v0.6.2
   Compiling bit-vec v0.6.3
   Compiling murmurhash32 v0.3.1
   Compiling unicode-ccc v0.4.0
   Compiling unicode-bidi-mirroring v0.4.0
   Compiling hashbrown v0.14.5
   Compiling constant_time_eq v0.4.2
   Compiling unicode-script v0.5.8
   Compiling dashmap v5.5.3
   Compiling rustybuzz v0.20.1
   Compiling blake2b_simd v1.0.4
   Compiling tantivy-stacker v0.7.0
   Compiling bit-set v0.5.3
   Compiling der v0.4.5
   Compiling ed25519-compact v2.3.1
   Compiling nom v7.1.3
   Compiling pem v0.8.3
   Compiling superboring v0.1.11
   Compiling openssl v0.10.81
   Compiling leptos-use v0.18.3
   Compiling image v0.25.10
   Compiling isolang v2.4.0
   Compiling tokio-tungstenite v0.21.0
   Compiling markup5ever_rcdom v0.2.0
   Compiling ultros-db v0.1.0 (/app/ultros-db)
   Compiling tantivy-sstable v0.7.0
   Compiling ultros-app v0.1.0 (/app/ultros-frontend/ultros-app)
   Compiling erased-serde v0.4.10
   Compiling svgtypes v0.16.1
   Compiling nalgebra v0.33.3
